# Logfile created on 2014-08-30 16:26:16 -0700 by logger.rb/44203
I, [2014-08-30T16:26:16.344692 #57523]  INFO -- : 0:  rake (10.3.2) from /Users/mholloway/.rvm/gems/ruby-2.1.0@remind/specifications/rake-10.3.2.gemspec
I, [2014-08-30T16:26:16.345038 #57523]  INFO -- : 0:  i18n (0.6.11) from /Users/mholloway/.rvm/gems/ruby-2.1.0@remind/specifications/i18n-0.6.11.gemspec
I, [2014-08-30T16:26:16.345278 #57523]  INFO -- : 0:  json (1.8.1) from /Users/mholloway/.rvm/rubies/ruby-2.1.0/lib/ruby/gems/2.1.0/specifications/default/json-1.8.1.gemspec
I, [2014-08-30T16:26:16.345537 #57523]  INFO -- : 0:  minitest (5.4.1) from /Users/mholloway/.rvm/gems/ruby-2.1.0@remind/specifications/minitest-5.4.1.gemspec
I, [2014-08-30T16:26:16.345800 #57523]  INFO -- : 0:  thread_safe (0.3.4) from /Users/mholloway/.rvm/gems/ruby-2.1.0@remind/specifications/thread_safe-0.3.4.gemspec
I, [2014-08-30T16:26:16.346052 #57523]  INFO -- : 0:  tzinfo (1.2.2) from /Users/mholloway/.rvm/gems/ruby-2.1.0@remind/specifications/tzinfo-1.2.2.gemspec
I, [2014-08-30T16:26:16.346283 #57523]  INFO -- : 0:  activesupport (4.1.5) from /Users/mholloway/.rvm/gems/ruby-2.1.0@remind/specifications/activesupport-4.1.5.gemspec
I, [2014-08-30T16:26:16.346519 #57523]  INFO -- : 0:  builder (3.2.2) from /Users/mholloway/.rvm/gems/ruby-2.1.0@remind/specifications/builder-3.2.2.gemspec
I, [2014-08-30T16:26:16.346748 #57523]  INFO -- : 0:  erubis (2.7.0) from /Users/mholloway/.rvm/gems/ruby-2.1.0@remind/specifications/erubis-2.7.0.gemspec
I, [2014-08-30T16:26:16.346976 #57523]  INFO -- : 0:  actionview (4.1.5) from /Users/mholloway/.rvm/gems/ruby-2.1.0@remind/specifications/actionview-4.1.5.gemspec
I, [2014-08-30T16:26:16.347216 #57523]  INFO -- : 0:  rack (1.5.2) from /Users/mholloway/.rvm/gems/ruby-2.1.0@remind/specifications/rack-1.5.2.gemspec
I, [2014-08-30T16:26:16.347446 #57523]  INFO -- : 0:  rack-test (0.6.2) from /Users/mholloway/.rvm/gems/ruby-2.1.0@remind/specifications/rack-test-0.6.2.gemspec
I, [2014-08-30T16:26:16.347676 #57523]  INFO -- : 0:  actionpack (4.1.5) from /Users/mholloway/.rvm/gems/ruby-2.1.0@remind/specifications/actionpack-4.1.5.gemspec
I, [2014-08-30T16:26:16.347904 #57523]  INFO -- : 0:  mime-types (1.25.1) from /Users/mholloway/.rvm/gems/ruby-2.1.0@remind/specifications/mime-types-1.25.1.gemspec
I, [2014-08-30T16:26:16.348158 #57523]  INFO -- : 0:  polyglot (0.3.5) from /Users/mholloway/.rvm/gems/ruby-2.1.0@remind/specifications/polyglot-0.3.5.gemspec
I, [2014-08-30T16:26:16.348388 #57523]  INFO -- : 0:  treetop (1.4.15) from /Users/mholloway/.rvm/gems/ruby-2.1.0@remind/specifications/treetop-1.4.15.gemspec
I, [2014-08-30T16:26:16.348616 #57523]  INFO -- : 0:  mail (2.5.4) from /Users/mholloway/.rvm/gems/ruby-2.1.0@remind/specifications/mail-2.5.4.gemspec
I, [2014-08-30T16:26:16.348849 #57523]  INFO -- : 0:  actionmailer (4.1.5) from /Users/mholloway/.rvm/gems/ruby-2.1.0@remind/specifications/actionmailer-4.1.5.gemspec
I, [2014-08-30T16:26:16.349087 #57523]  INFO -- : 0:  activemodel (4.1.5) from /Users/mholloway/.rvm/gems/ruby-2.1.0@remind/specifications/activemodel-4.1.5.gemspec
I, [2014-08-30T16:26:16.349324 #57523]  INFO -- : 0:  arel (5.0.1.20140414130214) from /Users/mholloway/.rvm/gems/ruby-2.1.0@remind/specifications/arel-5.0.1.20140414130214.gemspec
I, [2014-08-30T16:26:16.349552 #57523]  INFO -- : 0:  activerecord (4.1.5) from /Users/mholloway/.rvm/gems/ruby-2.1.0@remind/specifications/activerecord-4.1.5.gemspec
I, [2014-08-30T16:26:16.349784 #57523]  INFO -- : 0:  addressable (2.3.6) from /Users/mholloway/.rvm/gems/ruby-2.1.0@remind/specifications/addressable-2.3.6.gemspec
I, [2014-08-30T16:26:16.350019 #57523]  INFO -- : 0:  coderay (1.1.0) from /Users/mholloway/.rvm/gems/ruby-2.1.0@remind/specifications/coderay-1.1.0.gemspec
I, [2014-08-30T16:26:16.350254 #57523]  INFO -- : 0:  better_errors (2.0.0) from /Users/mholloway/.rvm/gems/ruby-2.1.0@remind/specifications/better_errors-2.0.0.gemspec
I, [2014-08-30T16:26:16.350491 #57523]  INFO -- : 0:  debug_inspector (0.0.2) from /Users/mholloway/.rvm/gems/ruby-2.1.0@remind/specifications/debug_inspector-0.0.2.gemspec
I, [2014-08-30T16:26:16.350733 #57523]  INFO -- : 0:  binding_of_caller (0.7.2) from /Users/mholloway/.rvm/gems/ruby-2.1.0@remind/specifications/binding_of_caller-0.7.2.gemspec
I, [2014-08-30T16:26:16.350957 #57523]  INFO -- : 0:  sass (3.2.19) from /Users/mholloway/.rvm/gems/ruby-2.1.0@remind/specifications/sass-3.2.19.gemspec
I, [2014-08-30T16:26:16.351185 #57523]  INFO -- : 0:  bootstrap-sass (3.2.0.1) from /Users/mholloway/.rvm/gems/ruby-2.1.0@remind/specifications/bootstrap-sass-3.2.0.1.gemspec
I, [2014-08-30T16:26:16.351462 #57523]  INFO -- : 0:  bundler (1.5.1) from /Users/mholloway/.rvm/gems/ruby-2.1.0@global/specifications/bundler-1.5.1.gemspec
I, [2014-08-30T16:26:16.351709 #57523]  INFO -- : 0:  mini_portile (0.6.0) from /Users/mholloway/.rvm/gems/ruby-2.1.0@remind/specifications/mini_portile-0.6.0.gemspec
I, [2014-08-30T16:26:16.351963 #57523]  INFO -- : 0:  nokogiri (1.6.3.1) from /Users/mholloway/.rvm/gems/ruby-2.1.0@remind/specifications/nokogiri-1.6.3.1.gemspec
I, [2014-08-30T16:26:16.352194 #57523]  INFO -- : 0:  xpath (2.0.0) from /Users/mholloway/.rvm/gems/ruby-2.1.0@remind/specifications/xpath-2.0.0.gemspec
I, [2014-08-30T16:26:16.352456 #57523]  INFO -- : 0:  capybara (2.4.1) from /Users/mholloway/.rvm/gems/ruby-2.1.0@remind/specifications/capybara-2.4.1.gemspec
I, [2014-08-30T16:26:16.352704 #57523]  INFO -- : 0:  timers (1.1.0) from /Users/mholloway/.rvm/gems/ruby-2.1.0@remind/specifications/timers-1.1.0.gemspec
I, [2014-08-30T16:26:16.352928 #57523]  INFO -- : 0:  celluloid (0.15.2) from /Users/mholloway/.rvm/gems/ruby-2.1.0@remind/specifications/celluloid-0.15.2.gemspec
I, [2014-08-30T16:26:16.353160 #57523]  INFO -- : 0:  ffi (1.9.3) from /Users/mholloway/.rvm/gems/ruby-2.1.0@remind/specifications/ffi-1.9.3.gemspec
I, [2014-08-30T16:26:16.353394 #57523]  INFO -- : 0:  childprocess (0.5.3) from /Users/mholloway/.rvm/gems/ruby-2.1.0@remind/specifications/childprocess-0.5.3.gemspec
I, [2014-08-30T16:26:16.353631 #57523]  INFO -- : 0:  coffee-script-source (1.8.0) from /Users/mholloway/.rvm/gems/ruby-2.1.0@remind/specifications/coffee-script-source-1.8.0.gemspec
I, [2014-08-30T16:26:16.353872 #57523]  INFO -- : 0:  execjs (2.2.1) from /Users/mholloway/.rvm/gems/ruby-2.1.0@remind/specifications/execjs-2.2.1.gemspec
I, [2014-08-30T16:26:16.354120 #57523]  INFO -- : 0:  coffee-script (2.3.0) from /Users/mholloway/.rvm/gems/ruby-2.1.0@remind/specifications/coffee-script-2.3.0.gemspec
I, [2014-08-30T16:26:16.354350 #57523]  INFO -- : 0:  thor (0.19.1) from /Users/mholloway/.rvm/gems/ruby-2.1.0@remind/specifications/thor-0.19.1.gemspec
I, [2014-08-30T16:26:16.358978 #57523]  INFO -- : 0:  railties (4.1.5) from /Users/mholloway/.rvm/gems/ruby-2.1.0@remind/specifications/railties-4.1.5.gemspec
I, [2014-08-30T16:26:16.359763 #57523]  INFO -- : 0:  coffee-rails (4.0.1) from /Users/mholloway/.rvm/gems/ruby-2.1.0@remind/specifications/coffee-rails-4.0.1.gemspec
I, [2014-08-30T16:26:16.360026 #57523]  INFO -- : 0:  daemons (1.1.9) from /Users/mholloway/.rvm/gems/ruby-2.1.0@remind/specifications/daemons-1.1.9.gemspec
I, [2014-08-30T16:26:16.360275 #57523]  INFO -- : 0:  database_cleaner (1.3.0) from /Users/mholloway/.rvm/gems/ruby-2.1.0@remind/specifications/database_cleaner-1.3.0.gemspec
I, [2014-08-30T16:26:16.360512 #57523]  INFO -- : 0:  diff-lcs (1.2.5) from /Users/mholloway/.rvm/gems/ruby-2.1.0@remind/specifications/diff-lcs-1.2.5.gemspec
I, [2014-08-30T16:26:16.360751 #57523]  INFO -- : 0:  eventmachine (1.0.3) from /Users/mholloway/.rvm/gems/ruby-2.1.0@remind/specifications/eventmachine-1.0.3.gemspec
I, [2014-08-30T16:26:16.360992 #57523]  INFO -- : 0:  factory_girl (4.4.0) from /Users/mholloway/.rvm/gems/ruby-2.1.0@remind/specifications/factory_girl-4.4.0.gemspec
I, [2014-08-30T16:26:16.361243 #57523]  INFO -- : 0:  factory_girl_rails (4.4.1) from /Users/mholloway/.rvm/gems/ruby-2.1.0@remind/specifications/factory_girl_rails-4.4.1.gemspec
I, [2014-08-30T16:26:16.361479 #57523]  INFO -- : 0:  faker (1.4.3) from /Users/mholloway/.rvm/gems/ruby-2.1.0@remind/specifications/faker-1.4.3.gemspec
I, [2014-08-30T16:26:16.361734 #57523]  INFO -- : 0:  hike (1.2.3) from /Users/mholloway/.rvm/gems/ruby-2.1.0@remind/specifications/hike-1.2.3.gemspec
I, [2014-08-30T16:26:16.361981 #57523]  INFO -- : 0:  multi_json (1.10.1) from /Users/mholloway/.rvm/gems/ruby-2.1.0@remind/specifications/multi_json-1.10.1.gemspec
I, [2014-08-30T16:26:16.362230 #57523]  INFO -- : 0:  tilt (1.4.1) from /Users/mholloway/.rvm/gems/ruby-2.1.0@remind/specifications/tilt-1.4.1.gemspec
I, [2014-08-30T16:26:16.362480 #57523]  INFO -- : 0:  sprockets (2.11.0) from /Users/mholloway/.rvm/gems/ruby-2.1.0@remind/specifications/sprockets-2.11.0.gemspec
I, [2014-08-30T16:26:16.362725 #57523]  INFO -- : 0:  sprockets-rails (2.1.3) from /Users/mholloway/.rvm/gems/ruby-2.1.0@remind/specifications/sprockets-rails-2.1.3.gemspec
I, [2014-08-30T16:26:16.362967 #57523]  INFO -- : 0:  rails (4.1.5) from /Users/mholloway/.rvm/gems/ruby-2.1.0@remind/specifications/rails-4.1.5.gemspec
I, [2014-08-30T16:26:16.363211 #57523]  INFO -- : 0:  figaro (1.0.0.rc1) from /Users/mholloway/.rvm/gems/ruby-2.1.0@remind/specifications/figaro-1.0.0.rc1.gemspec
I, [2014-08-30T16:26:16.363461 #57523]  INFO -- : 0:  formatador (0.2.5) from /Users/mholloway/.rvm/gems/ruby-2.1.0@remind/specifications/formatador-0.2.5.gemspec
I, [2014-08-30T16:26:16.363724 #57523]  INFO -- : 0:  rb-fsevent (0.9.4) from /Users/mholloway/.rvm/gems/ruby-2.1.0@remind/specifications/rb-fsevent-0.9.4.gemspec
I, [2014-08-30T16:26:16.363961 #57523]  INFO -- : 0:  rb-inotify (0.9.5) from /Users/mholloway/.rvm/gems/ruby-2.1.0@remind/specifications/rb-inotify-0.9.5.gemspec
I, [2014-08-30T16:26:16.364198 #57523]  INFO -- : 0:  listen (2.7.9) from /Users/mholloway/.rvm/gems/ruby-2.1.0@remind/specifications/listen-2.7.9.gemspec
I, [2014-08-30T16:26:16.364448 #57523]  INFO -- : 0:  lumberjack (1.0.9) from /Users/mholloway/.rvm/gems/ruby-2.1.0@remind/specifications/lumberjack-1.0.9.gemspec
I, [2014-08-30T16:26:16.364687 #57523]  INFO -- : 0:  method_source (0.8.2) from /Users/mholloway/.rvm/gems/ruby-2.1.0@remind/specifications/method_source-0.8.2.gemspec
I, [2014-08-30T16:26:16.364918 #57523]  INFO -- : 0:  slop (3.6.0) from /Users/mholloway/.rvm/gems/ruby-2.1.0@remind/specifications/slop-3.6.0.gemspec
I, [2014-08-30T16:26:16.365152 #57523]  INFO -- : 0:  pry (0.10.1) from /Users/mholloway/.rvm/gems/ruby-2.1.0@remind/specifications/pry-0.10.1.gemspec
I, [2014-08-30T16:26:16.365386 #57523]  INFO -- : 0:  guard (2.6.1) from /Users/mholloway/.rvm/gems/ruby-2.1.0@remind/specifications/guard-2.6.1.gemspec
I, [2014-08-30T16:26:16.365623 #57523]  INFO -- : 0:  guard-bundler (2.0.0) from /Users/mholloway/.rvm/gems/ruby-2.1.0@remind/specifications/guard-bundler-2.0.0.gemspec
I, [2014-08-30T16:26:16.365858 #57523]  INFO -- : 0:  guard-rails (0.5.3) from /Users/mholloway/.rvm/gems/ruby-2.1.0@remind/specifications/guard-rails-0.5.3.gemspec
I, [2014-08-30T16:26:16.366129 #57523]  INFO -- : 0:  rspec-support (3.0.4) from /Users/mholloway/.rvm/gems/ruby-2.1.0@remind/specifications/rspec-support-3.0.4.gemspec
I, [2014-08-30T16:26:16.366366 #57523]  INFO -- : 0:  rspec-core (3.0.4) from /Users/mholloway/.rvm/gems/ruby-2.1.0@remind/specifications/rspec-core-3.0.4.gemspec
I, [2014-08-30T16:26:16.366594 #57523]  INFO -- : 0:  rspec-expectations (3.0.4) from /Users/mholloway/.rvm/gems/ruby-2.1.0@remind/specifications/rspec-expectations-3.0.4.gemspec
I, [2014-08-30T16:26:16.366852 #57523]  INFO -- : 0:  rspec-mocks (3.0.4) from /Users/mholloway/.rvm/gems/ruby-2.1.0@remind/specifications/rspec-mocks-3.0.4.gemspec
I, [2014-08-30T16:26:16.367082 #57523]  INFO -- : 0:  rspec (3.0.0) from /Users/mholloway/.rvm/gems/ruby-2.1.0@remind/specifications/rspec-3.0.0.gemspec
I, [2014-08-30T16:26:16.367327 #57523]  INFO -- : 0:  guard-rspec (4.3.1) from /Users/mholloway/.rvm/gems/ruby-2.1.0@remind/specifications/guard-rspec-4.3.1.gemspec
I, [2014-08-30T16:26:16.367557 #57523]  INFO -- : 0:  haml (4.1.0.beta.1) from /Users/mholloway/.rvm/gems/ruby-2.1.0@remind/specifications/haml-4.1.0.beta.1.gemspec
I, [2014-08-30T16:26:16.367794 #57523]  INFO -- : 0:  sexp_processor (4.4.4) from /Users/mholloway/.rvm/gems/ruby-2.1.0@remind/specifications/sexp_processor-4.4.4.gemspec
I, [2014-08-30T16:26:16.368038 #57523]  INFO -- : 0:  ruby_parser (3.1.3) from /Users/mholloway/.rvm/gems/ruby-2.1.0@remind/specifications/ruby_parser-3.1.3.gemspec
I, [2014-08-30T16:26:16.368271 #57523]  INFO -- : 0:  haml2slim (0.4.7) from /Users/mholloway/.rvm/gems/ruby-2.1.0@remind/specifications/haml2slim-0.4.7.gemspec
I, [2014-08-30T16:26:16.368518 #57523]  INFO -- : 0:  hpricot (0.8.6) from /Users/mholloway/.rvm/gems/ruby-2.1.0@remind/specifications/hpricot-0.8.6.gemspec
I, [2014-08-30T16:26:16.368752 #57523]  INFO -- : 0:  html2haml (1.0.1) from /Users/mholloway/.rvm/gems/ruby-2.1.0@remind/specifications/html2haml-1.0.1.gemspec
I, [2014-08-30T16:26:16.369001 #57523]  INFO -- : 0:  interception (0.5) from /Users/mholloway/.rvm/gems/ruby-2.1.0@remind/specifications/interception-0.5.gemspec
I, [2014-08-30T16:26:16.369242 #57523]  INFO -- : 0:  jbuilder (2.1.3) from /Users/mholloway/.rvm/gems/ruby-2.1.0@remind/specifications/jbuilder-2.1.3.gemspec
I, [2014-08-30T16:26:16.369495 #57523]  INFO -- : 0:  jquery-rails (3.1.1) from /Users/mholloway/.rvm/gems/ruby-2.1.0@remind/specifications/jquery-rails-3.1.1.gemspec
I, [2014-08-30T16:26:16.369725 #57523]  INFO -- : 0:  launchy (2.4.2) from /Users/mholloway/.rvm/gems/ruby-2.1.0@remind/specifications/launchy-2.4.2.gemspec
I, [2014-08-30T16:26:16.369966 #57523]  INFO -- : 0:  mysql2 (0.3.16) from /Users/mholloway/.rvm/gems/ruby-2.1.0@remind/specifications/mysql2-0.3.16.gemspec
I, [2014-08-30T16:26:16.370209 #57523]  INFO -- : 0:  pry-rails (0.3.2) from /Users/mholloway/.rvm/gems/ruby-2.1.0@remind/specifications/pry-rails-0.3.2.gemspec
I, [2014-08-30T16:26:16.370456 #57523]  INFO -- : 0:  pry-rescue (1.4.1) from /Users/mholloway/.rvm/gems/ruby-2.1.0@remind/specifications/pry-rescue-1.4.1.gemspec
I, [2014-08-30T16:26:16.370697 #57523]  INFO -- : 0:  quiet_assets (1.0.3) from /Users/mholloway/.rvm/gems/ruby-2.1.0@remind/specifications/quiet_assets-1.0.3.gemspec
I, [2014-08-30T16:26:16.370944 #57523]  INFO -- : 0:  rails_apps_pages (0.5.13) from /Users/mholloway/.rvm/gems/ruby-2.1.0@remind/specifications/rails_apps_pages-0.5.13.gemspec
I, [2014-08-30T16:26:16.371181 #57523]  INFO -- : 0:  rails_apps_testing (0.3.10) from /Users/mholloway/.rvm/gems/ruby-2.1.0@remind/specifications/rails_apps_testing-0.3.10.gemspec
I, [2014-08-30T16:26:16.371422 #57523]  INFO -- : 0:  rails_layout (1.0.21) from /Users/mholloway/.rvm/gems/ruby-2.1.0@remind/specifications/rails_layout-1.0.21.gemspec
I, [2014-08-30T16:26:16.371667 #57523]  INFO -- : 0:  rb-fchange (0.0.6) from /Users/mholloway/.rvm/gems/ruby-2.1.0@remind/specifications/rb-fchange-0.0.6.gemspec
I, [2014-08-30T16:26:16.371912 #57523]  INFO -- : 0:  rdoc (4.1.1) from /Users/mholloway/.rvm/gems/ruby-2.1.0@remind/specifications/rdoc-4.1.1.gemspec
I, [2014-08-30T16:26:16.372157 #57523]  INFO -- : 0:  rspec-rails (3.0.2) from /Users/mholloway/.rvm/gems/ruby-2.1.0@remind/specifications/rspec-rails-3.0.2.gemspec
I, [2014-08-30T16:26:16.372398 #57523]  INFO -- : 0:  rubyzip (1.1.6) from /Users/mholloway/.rvm/gems/ruby-2.1.0@remind/specifications/rubyzip-1.1.6.gemspec
I, [2014-08-30T16:26:16.372639 #57523]  INFO -- : 0:  sass-rails (4.0.3) from /Users/mholloway/.rvm/gems/ruby-2.1.0@remind/specifications/sass-rails-4.0.3.gemspec
I, [2014-08-30T16:26:16.372871 #57523]  INFO -- : 0:  sdoc (0.4.1) from /Users/mholloway/.rvm/gems/ruby-2.1.0@remind/specifications/sdoc-0.4.1.gemspec
I, [2014-08-30T16:26:16.373110 #57523]  INFO -- : 0:  websocket (1.0.7) from /Users/mholloway/.rvm/gems/ruby-2.1.0@remind/specifications/websocket-1.0.7.gemspec
I, [2014-08-30T16:26:16.373345 #57523]  INFO -- : 0:  selenium-webdriver (2.42.0) from /Users/mholloway/.rvm/gems/ruby-2.1.0@remind/specifications/selenium-webdriver-2.42.0.gemspec
I, [2014-08-30T16:26:16.373585 #57523]  INFO -- : 0:  temple (0.6.8) from /Users/mholloway/.rvm/gems/ruby-2.1.0@remind/specifications/temple-0.6.8.gemspec
I, [2014-08-30T16:26:16.373825 #57523]  INFO -- : 0:  slim (2.0.3) from /Users/mholloway/.rvm/gems/ruby-2.1.0@remind/specifications/slim-2.0.3.gemspec
I, [2014-08-30T16:26:16.374073 #57523]  INFO -- : 0:  slim-rails (2.1.5) from /Users/mholloway/.rvm/gems/ruby-2.1.0@remind/specifications/slim-rails-2.1.5.gemspec
I, [2014-08-30T16:26:16.374314 #57523]  INFO -- : 0:  spring (1.1.3) from /Users/mholloway/.rvm/gems/ruby-2.1.0@remind/specifications/spring-1.1.3.gemspec
I, [2014-08-30T16:26:16.374547 #57523]  INFO -- : 0:  thin (1.6.2) from /Users/mholloway/.rvm/gems/ruby-2.1.0@remind/specifications/thin-1.6.2.gemspec
I, [2014-08-30T16:26:16.374787 #57523]  INFO -- : 0:  turbolinks (2.3.0) from /Users/mholloway/.rvm/gems/ruby-2.1.0@remind/specifications/turbolinks-2.3.0.gemspec
I, [2014-08-30T16:26:16.375017 #57523]  INFO -- : 0:  uglifier (2.5.3) from /Users/mholloway/.rvm/gems/ruby-2.1.0@remind/specifications/uglifier-2.5.3.gemspec
I, [2014-08-30T16:27:04.499187 #57599]  INFO -- : 0:  rake (10.3.2) from /Users/mholloway/.rvm/gems/ruby-2.1.0@remind/specifications/rake-10.3.2.gemspec
I, [2014-08-30T16:27:04.499612 #57599]  INFO -- : 0:  i18n (0.6.11) from /Users/mholloway/.rvm/gems/ruby-2.1.0@remind/specifications/i18n-0.6.11.gemspec
I, [2014-08-30T16:27:04.499867 #57599]  INFO -- : 0:  json (1.8.1) from /Users/mholloway/.rvm/rubies/ruby-2.1.0/lib/ruby/gems/2.1.0/specifications/default/json-1.8.1.gemspec
I, [2014-08-30T16:27:04.500156 #57599]  INFO -- : 0:  minitest (5.4.1) from /Users/mholloway/.rvm/gems/ruby-2.1.0@remind/specifications/minitest-5.4.1.gemspec
I, [2014-08-30T16:27:04.500406 #57599]  INFO -- : 0:  thread_safe (0.3.4) from /Users/mholloway/.rvm/gems/ruby-2.1.0@remind/specifications/thread_safe-0.3.4.gemspec
I, [2014-08-30T16:27:04.500663 #57599]  INFO -- : 0:  tzinfo (1.2.2) from /Users/mholloway/.rvm/gems/ruby-2.1.0@remind/specifications/tzinfo-1.2.2.gemspec
I, [2014-08-30T16:27:04.500951 #57599]  INFO -- : 0:  activesupport (4.1.5) from /Users/mholloway/.rvm/gems/ruby-2.1.0@remind/specifications/activesupport-4.1.5.gemspec
I, [2014-08-30T16:27:04.501230 #57599]  INFO -- : 0:  builder (3.2.2) from /Users/mholloway/.rvm/gems/ruby-2.1.0@remind/specifications/builder-3.2.2.gemspec
I, [2014-08-30T16:27:04.501538 #57599]  INFO -- : 0:  erubis (2.7.0) from /Users/mholloway/.rvm/gems/ruby-2.1.0@remind/specifications/erubis-2.7.0.gemspec
I, [2014-08-30T16:27:04.501812 #57599]  INFO -- : 0:  actionview (4.1.5) from /Users/mholloway/.rvm/gems/ruby-2.1.0@remind/specifications/actionview-4.1.5.gemspec
I, [2014-08-30T16:27:04.502065 #57599]  INFO -- : 0:  rack (1.5.2) from /Users/mholloway/.rvm/gems/ruby-2.1.0@remind/specifications/rack-1.5.2.gemspec
I, [2014-08-30T16:27:04.502356 #57599]  INFO -- : 0:  rack-test (0.6.2) from /Users/mholloway/.rvm/gems/ruby-2.1.0@remind/specifications/rack-test-0.6.2.gemspec
I, [2014-08-30T16:27:04.502629 #57599]  INFO -- : 0:  actionpack (4.1.5) from /Users/mholloway/.rvm/gems/ruby-2.1.0@remind/specifications/actionpack-4.1.5.gemspec
I, [2014-08-30T16:27:04.502892 #57599]  INFO -- : 0:  mime-types (1.25.1) from /Users/mholloway/.rvm/gems/ruby-2.1.0@remind/specifications/mime-types-1.25.1.gemspec
I, [2014-08-30T16:27:04.503166 #57599]  INFO -- : 0:  polyglot (0.3.5) from /Users/mholloway/.rvm/gems/ruby-2.1.0@remind/specifications/polyglot-0.3.5.gemspec
I, [2014-08-30T16:27:04.503430 #57599]  INFO -- : 0:  treetop (1.4.15) from /Users/mholloway/.rvm/gems/ruby-2.1.0@remind/specifications/treetop-1.4.15.gemspec
I, [2014-08-30T16:27:04.503685 #57599]  INFO -- : 0:  mail (2.5.4) from /Users/mholloway/.rvm/gems/ruby-2.1.0@remind/specifications/mail-2.5.4.gemspec
I, [2014-08-30T16:27:04.503962 #57599]  INFO -- : 0:  actionmailer (4.1.5) from /Users/mholloway/.rvm/gems/ruby-2.1.0@remind/specifications/actionmailer-4.1.5.gemspec
I, [2014-08-30T16:27:04.504217 #57599]  INFO -- : 0:  activemodel (4.1.5) from /Users/mholloway/.rvm/gems/ruby-2.1.0@remind/specifications/activemodel-4.1.5.gemspec
I, [2014-08-30T16:27:04.504482 #57599]  INFO -- : 0:  arel (5.0.1.20140414130214) from /Users/mholloway/.rvm/gems/ruby-2.1.0@remind/specifications/arel-5.0.1.20140414130214.gemspec
I, [2014-08-30T16:27:04.504765 #57599]  INFO -- : 0:  activerecord (4.1.5) from /Users/mholloway/.rvm/gems/ruby-2.1.0@remind/specifications/activerecord-4.1.5.gemspec
I, [2014-08-30T16:27:04.505045 #57599]  INFO -- : 0:  addressable (2.3.6) from /Users/mholloway/.rvm/gems/ruby-2.1.0@remind/specifications/addressable-2.3.6.gemspec
I, [2014-08-30T16:27:04.505305 #57599]  INFO -- : 0:  coderay (1.1.0) from /Users/mholloway/.rvm/gems/ruby-2.1.0@remind/specifications/coderay-1.1.0.gemspec
I, [2014-08-30T16:27:04.505572 #57599]  INFO -- : 0:  better_errors (2.0.0) from /Users/mholloway/.rvm/gems/ruby-2.1.0@remind/specifications/better_errors-2.0.0.gemspec
I, [2014-08-30T16:27:04.505805 #57599]  INFO -- : 0:  debug_inspector (0.0.2) from /Users/mholloway/.rvm/gems/ruby-2.1.0@remind/specifications/debug_inspector-0.0.2.gemspec
I, [2014-08-30T16:27:04.506061 #57599]  INFO -- : 0:  binding_of_caller (0.7.2) from /Users/mholloway/.rvm/gems/ruby-2.1.0@remind/specifications/binding_of_caller-0.7.2.gemspec
I, [2014-08-30T16:27:04.506335 #57599]  INFO -- : 0:  sass (3.2.19) from /Users/mholloway/.rvm/gems/ruby-2.1.0@remind/specifications/sass-3.2.19.gemspec
I, [2014-08-30T16:27:04.506637 #57599]  INFO -- : 0:  bootstrap-sass (3.2.0.1) from /Users/mholloway/.rvm/gems/ruby-2.1.0@remind/specifications/bootstrap-sass-3.2.0.1.gemspec
I, [2014-08-30T16:27:04.506858 #57599]  INFO -- : 0:  bundler (1.5.1) from /Users/mholloway/.rvm/gems/ruby-2.1.0@global/specifications/bundler-1.5.1.gemspec
I, [2014-08-30T16:27:04.507100 #57599]  INFO -- : 0:  mini_portile (0.6.0) from /Users/mholloway/.rvm/gems/ruby-2.1.0@remind/specifications/mini_portile-0.6.0.gemspec
I, [2014-08-30T16:27:04.507374 #57599]  INFO -- : 0:  nokogiri (1.6.3.1) from /Users/mholloway/.rvm/gems/ruby-2.1.0@remind/specifications/nokogiri-1.6.3.1.gemspec
I, [2014-08-30T16:27:04.507671 #57599]  INFO -- : 0:  xpath (2.0.0) from /Users/mholloway/.rvm/gems/ruby-2.1.0@remind/specifications/xpath-2.0.0.gemspec
I, [2014-08-30T16:27:04.507942 #57599]  INFO -- : 0:  capybara (2.4.1) from /Users/mholloway/.rvm/gems/ruby-2.1.0@remind/specifications/capybara-2.4.1.gemspec
I, [2014-08-30T16:27:04.508248 #57599]  INFO -- : 0:  timers (1.1.0) from /Users/mholloway/.rvm/gems/ruby-2.1.0@remind/specifications/timers-1.1.0.gemspec
I, [2014-08-30T16:27:04.508539 #57599]  INFO -- : 0:  celluloid (0.15.2) from /Users/mholloway/.rvm/gems/ruby-2.1.0@remind/specifications/celluloid-0.15.2.gemspec
I, [2014-08-30T16:27:04.508776 #57599]  INFO -- : 0:  ffi (1.9.3) from /Users/mholloway/.rvm/gems/ruby-2.1.0@remind/specifications/ffi-1.9.3.gemspec
I, [2014-08-30T16:27:04.509122 #57599]  INFO -- : 0:  childprocess (0.5.3) from /Users/mholloway/.rvm/gems/ruby-2.1.0@remind/specifications/childprocess-0.5.3.gemspec
I, [2014-08-30T16:27:04.509393 #57599]  INFO -- : 0:  coffee-script-source (1.8.0) from /Users/mholloway/.rvm/gems/ruby-2.1.0@remind/specifications/coffee-script-source-1.8.0.gemspec
I, [2014-08-30T16:27:04.509692 #57599]  INFO -- : 0:  execjs (2.2.1) from /Users/mholloway/.rvm/gems/ruby-2.1.0@remind/specifications/execjs-2.2.1.gemspec
I, [2014-08-30T16:27:04.509950 #57599]  INFO -- : 0:  coffee-script (2.3.0) from /Users/mholloway/.rvm/gems/ruby-2.1.0@remind/specifications/coffee-script-2.3.0.gemspec
I, [2014-08-30T16:27:04.510241 #57599]  INFO -- : 0:  thor (0.19.1) from /Users/mholloway/.rvm/gems/ruby-2.1.0@remind/specifications/thor-0.19.1.gemspec
I, [2014-08-30T16:27:04.510572 #57599]  INFO -- : 0:  railties (4.1.5) from /Users/mholloway/.rvm/gems/ruby-2.1.0@remind/specifications/railties-4.1.5.gemspec
I, [2014-08-30T16:27:04.510822 #57599]  INFO -- : 0:  coffee-rails (4.0.1) from /Users/mholloway/.rvm/gems/ruby-2.1.0@remind/specifications/coffee-rails-4.0.1.gemspec
I, [2014-08-30T16:27:04.511089 #57599]  INFO -- : 0:  daemons (1.1.9) from /Users/mholloway/.rvm/gems/ruby-2.1.0@remind/specifications/daemons-1.1.9.gemspec
I, [2014-08-30T16:27:04.511313 #57599]  INFO -- : 0:  database_cleaner (1.3.0) from /Users/mholloway/.rvm/gems/ruby-2.1.0@remind/specifications/database_cleaner-1.3.0.gemspec
I, [2014-08-30T16:27:04.511580 #57599]  INFO -- : 0:  diff-lcs (1.2.5) from /Users/mholloway/.rvm/gems/ruby-2.1.0@remind/specifications/diff-lcs-1.2.5.gemspec
I, [2014-08-30T16:27:04.511845 #57599]  INFO -- : 0:  eventmachine (1.0.3) from /Users/mholloway/.rvm/gems/ruby-2.1.0@remind/specifications/eventmachine-1.0.3.gemspec
I, [2014-08-30T16:27:04.512106 #57599]  INFO -- : 0:  factory_girl (4.4.0) from /Users/mholloway/.rvm/gems/ruby-2.1.0@remind/specifications/factory_girl-4.4.0.gemspec
I, [2014-08-30T16:27:04.512334 #57599]  INFO -- : 0:  factory_girl_rails (4.4.1) from /Users/mholloway/.rvm/gems/ruby-2.1.0@remind/specifications/factory_girl_rails-4.4.1.gemspec
I, [2014-08-30T16:27:04.512584 #57599]  INFO -- : 0:  faker (1.4.3) from /Users/mholloway/.rvm/gems/ruby-2.1.0@remind/specifications/faker-1.4.3.gemspec
I, [2014-08-30T16:27:04.512806 #57599]  INFO -- : 0:  hike (1.2.3) from /Users/mholloway/.rvm/gems/ruby-2.1.0@remind/specifications/hike-1.2.3.gemspec
I, [2014-08-30T16:27:04.513035 #57599]  INFO -- : 0:  multi_json (1.10.1) from /Users/mholloway/.rvm/gems/ruby-2.1.0@remind/specifications/multi_json-1.10.1.gemspec
I, [2014-08-30T16:27:04.513257 #57599]  INFO -- : 0:  tilt (1.4.1) from /Users/mholloway/.rvm/gems/ruby-2.1.0@remind/specifications/tilt-1.4.1.gemspec
I, [2014-08-30T16:27:04.513493 #57599]  INFO -- : 0:  sprockets (2.11.0) from /Users/mholloway/.rvm/gems/ruby-2.1.0@remind/specifications/sprockets-2.11.0.gemspec
I, [2014-08-30T16:27:04.514798 #57599]  INFO -- : 0:  sprockets-rails (2.1.3) from /Users/mholloway/.rvm/gems/ruby-2.1.0@remind/specifications/sprockets-rails-2.1.3.gemspec
I, [2014-08-30T16:27:04.515096 #57599]  INFO -- : 0:  rails (4.1.5) from /Users/mholloway/.rvm/gems/ruby-2.1.0@remind/specifications/rails-4.1.5.gemspec
I, [2014-08-30T16:27:04.515365 #57599]  INFO -- : 0:  figaro (1.0.0.rc1) from /Users/mholloway/.rvm/gems/ruby-2.1.0@remind/specifications/figaro-1.0.0.rc1.gemspec
I, [2014-08-30T16:27:04.515633 #57599]  INFO -- : 0:  formatador (0.2.5) from /Users/mholloway/.rvm/gems/ruby-2.1.0@remind/specifications/formatador-0.2.5.gemspec
I, [2014-08-30T16:27:04.515862 #57599]  INFO -- : 0:  rb-fsevent (0.9.4) from /Users/mholloway/.rvm/gems/ruby-2.1.0@remind/specifications/rb-fsevent-0.9.4.gemspec
I, [2014-08-30T16:27:04.516099 #57599]  INFO -- : 0:  rb-inotify (0.9.5) from /Users/mholloway/.rvm/gems/ruby-2.1.0@remind/specifications/rb-inotify-0.9.5.gemspec
I, [2014-08-30T16:27:04.516327 #57599]  INFO -- : 0:  listen (2.7.9) from /Users/mholloway/.rvm/gems/ruby-2.1.0@remind/specifications/listen-2.7.9.gemspec
I, [2014-08-30T16:27:04.516567 #57599]  INFO -- : 0:  lumberjack (1.0.9) from /Users/mholloway/.rvm/gems/ruby-2.1.0@remind/specifications/lumberjack-1.0.9.gemspec
I, [2014-08-30T16:27:04.516795 #57599]  INFO -- : 0:  method_source (0.8.2) from /Users/mholloway/.rvm/gems/ruby-2.1.0@remind/specifications/method_source-0.8.2.gemspec
I, [2014-08-30T16:27:04.517023 #57599]  INFO -- : 0:  slop (3.6.0) from /Users/mholloway/.rvm/gems/ruby-2.1.0@remind/specifications/slop-3.6.0.gemspec
I, [2014-08-30T16:27:04.517256 #57599]  INFO -- : 0:  pry (0.10.1) from /Users/mholloway/.rvm/gems/ruby-2.1.0@remind/specifications/pry-0.10.1.gemspec
I, [2014-08-30T16:27:04.517492 #57599]  INFO -- : 0:  guard (2.6.1) from /Users/mholloway/.rvm/gems/ruby-2.1.0@remind/specifications/guard-2.6.1.gemspec
I, [2014-08-30T16:27:04.517718 #57599]  INFO -- : 0:  guard-bundler (2.0.0) from /Users/mholloway/.rvm/gems/ruby-2.1.0@remind/specifications/guard-bundler-2.0.0.gemspec
I, [2014-08-30T16:27:04.517946 #57599]  INFO -- : 0:  guard-rails (0.5.3) from /Users/mholloway/.rvm/gems/ruby-2.1.0@remind/specifications/guard-rails-0.5.3.gemspec
I, [2014-08-30T16:27:04.518206 #57599]  INFO -- : 0:  rspec-support (3.0.4) from /Users/mholloway/.rvm/gems/ruby-2.1.0@remind/specifications/rspec-support-3.0.4.gemspec
I, [2014-08-30T16:27:04.518445 #57599]  INFO -- : 0:  rspec-core (3.0.4) from /Users/mholloway/.rvm/gems/ruby-2.1.0@remind/specifications/rspec-core-3.0.4.gemspec
I, [2014-08-30T16:27:04.518715 #57599]  INFO -- : 0:  rspec-expectations (3.0.4) from /Users/mholloway/.rvm/gems/ruby-2.1.0@remind/specifications/rspec-expectations-3.0.4.gemspec
I, [2014-08-30T16:27:04.518967 #57599]  INFO -- : 0:  rspec-mocks (3.0.4) from /Users/mholloway/.rvm/gems/ruby-2.1.0@remind/specifications/rspec-mocks-3.0.4.gemspec
I, [2014-08-30T16:27:04.519207 #57599]  INFO -- : 0:  rspec (3.0.0) from /Users/mholloway/.rvm/gems/ruby-2.1.0@remind/specifications/rspec-3.0.0.gemspec
I, [2014-08-30T16:27:04.519432 #57599]  INFO -- : 0:  guard-rspec (4.3.1) from /Users/mholloway/.rvm/gems/ruby-2.1.0@remind/specifications/guard-rspec-4.3.1.gemspec
I, [2014-08-30T16:27:04.519663 #57599]  INFO -- : 0:  interception (0.5) from /Users/mholloway/.rvm/gems/ruby-2.1.0@remind/specifications/interception-0.5.gemspec
I, [2014-08-30T16:27:04.519883 #57599]  INFO -- : 0:  jbuilder (2.1.3) from /Users/mholloway/.rvm/gems/ruby-2.1.0@remind/specifications/jbuilder-2.1.3.gemspec
I, [2014-08-30T16:27:04.520105 #57599]  INFO -- : 0:  jquery-rails (3.1.1) from /Users/mholloway/.rvm/gems/ruby-2.1.0@remind/specifications/jquery-rails-3.1.1.gemspec
I, [2014-08-30T16:27:04.520329 #57599]  INFO -- : 0:  launchy (2.4.2) from /Users/mholloway/.rvm/gems/ruby-2.1.0@remind/specifications/launchy-2.4.2.gemspec
I, [2014-08-30T16:27:04.520569 #57599]  INFO -- : 0:  mysql2 (0.3.16) from /Users/mholloway/.rvm/gems/ruby-2.1.0@remind/specifications/mysql2-0.3.16.gemspec
I, [2014-08-30T16:27:04.520813 #57599]  INFO -- : 0:  pry-rails (0.3.2) from /Users/mholloway/.rvm/gems/ruby-2.1.0@remind/specifications/pry-rails-0.3.2.gemspec
I, [2014-08-30T16:27:04.521049 #57599]  INFO -- : 0:  pry-rescue (1.4.1) from /Users/mholloway/.rvm/gems/ruby-2.1.0@remind/specifications/pry-rescue-1.4.1.gemspec
I, [2014-08-30T16:27:04.521275 #57599]  INFO -- : 0:  quiet_assets (1.0.3) from /Users/mholloway/.rvm/gems/ruby-2.1.0@remind/specifications/quiet_assets-1.0.3.gemspec
I, [2014-08-30T16:27:04.521508 #57599]  INFO -- : 0:  rails_layout (1.0.21) from /Users/mholloway/.rvm/gems/ruby-2.1.0@remind/specifications/rails_layout-1.0.21.gemspec
I, [2014-08-30T16:27:04.521745 #57599]  INFO -- : 0:  rb-fchange (0.0.6) from /Users/mholloway/.rvm/gems/ruby-2.1.0@remind/specifications/rb-fchange-0.0.6.gemspec
I, [2014-08-30T16:27:04.521971 #57599]  INFO -- : 0:  rdoc (4.1.1) from /Users/mholloway/.rvm/gems/ruby-2.1.0@remind/specifications/rdoc-4.1.1.gemspec
I, [2014-08-30T16:27:04.522202 #57599]  INFO -- : 0:  rspec-rails (3.0.2) from /Users/mholloway/.rvm/gems/ruby-2.1.0@remind/specifications/rspec-rails-3.0.2.gemspec
I, [2014-08-30T16:27:04.522437 #57599]  INFO -- : 0:  rubyzip (1.1.6) from /Users/mholloway/.rvm/gems/ruby-2.1.0@remind/specifications/rubyzip-1.1.6.gemspec
I, [2014-08-30T16:27:04.522662 #57599]  INFO -- : 0:  sass-rails (4.0.3) from /Users/mholloway/.rvm/gems/ruby-2.1.0@remind/specifications/sass-rails-4.0.3.gemspec
I, [2014-08-30T16:27:04.522894 #57599]  INFO -- : 0:  sdoc (0.4.1) from /Users/mholloway/.rvm/gems/ruby-2.1.0@remind/specifications/sdoc-0.4.1.gemspec
I, [2014-08-30T16:27:04.523123 #57599]  INFO -- : 0:  websocket (1.0.7) from /Users/mholloway/.rvm/gems/ruby-2.1.0@remind/specifications/websocket-1.0.7.gemspec
I, [2014-08-30T16:27:04.523348 #57599]  INFO -- : 0:  selenium-webdriver (2.42.0) from /Users/mholloway/.rvm/gems/ruby-2.1.0@remind/specifications/selenium-webdriver-2.42.0.gemspec
I, [2014-08-30T16:27:04.523587 #57599]  INFO -- : 0:  temple (0.6.8) from /Users/mholloway/.rvm/gems/ruby-2.1.0@remind/specifications/temple-0.6.8.gemspec
I, [2014-08-30T16:27:04.523810 #57599]  INFO -- : 0:  slim (2.0.3) from /Users/mholloway/.rvm/gems/ruby-2.1.0@remind/specifications/slim-2.0.3.gemspec
I, [2014-08-30T16:27:04.524041 #57599]  INFO -- : 0:  slim-rails (2.1.5) from /Users/mholloway/.rvm/gems/ruby-2.1.0@remind/specifications/slim-rails-2.1.5.gemspec
I, [2014-08-30T16:27:04.524304 #57599]  INFO -- : 0:  spring (1.1.3) from /Users/mholloway/.rvm/gems/ruby-2.1.0@remind/specifications/spring-1.1.3.gemspec
I, [2014-08-30T16:27:04.524557 #57599]  INFO -- : 0:  thin (1.6.2) from /Users/mholloway/.rvm/gems/ruby-2.1.0@remind/specifications/thin-1.6.2.gemspec
I, [2014-08-30T16:27:04.524847 #57599]  INFO -- : 0:  turbolinks (2.3.0) from /Users/mholloway/.rvm/gems/ruby-2.1.0@remind/specifications/turbolinks-2.3.0.gemspec
I, [2014-08-30T16:27:04.525125 #57599]  INFO -- : 0:  uglifier (2.5.3) from /Users/mholloway/.rvm/gems/ruby-2.1.0@remind/specifications/uglifier-2.5.3.gemspec
